2020-03-19 22:42:21,467 [INFO] Activator:176 - 


2020-03-19 22:42:21,529 [INFO] Activator:177 - !SESSION log4j initialized
2020-03-19 22:46:23,129 [INFO] ApplicationProperties:181 - Using Application install path: C:\ST\STM32CubeIDE_1.3.0\STM32CubeIDE\plugins\com.st.stm32cube.common.mx_5.6.0.202002181639
2020-03-19 22:46:23,239 [INFO] DbMcusXml:72 - Set database path to: C:\ST\STM32CubeIDE_1.3.0\STM32CubeIDE\plugins\com.st.stm32cube.common.mx_5.6.0.202002181639\\db\/mcu/
2020-03-19 22:46:23,239 [INFO] DbBoardsPdsc:54 - Set plugin database path to: C:\ST\STM32CubeIDE_1.3.0\STM32CubeIDE\plugins\com.st.stm32cube.common.mx_5.6.0.202002181639\\db\/plugins/boardmanager/
2020-03-19 22:46:23,239 [INFO] DbMcus:235 - Set plugin images path to: C:\ST\STM32CubeIDE_1.3.0\STM32CubeIDE\plugins\com.st.stm32cube.common.mx_5.6.0.202002181639\\db\/plugins/mcufinder/images/
2020-03-19 22:46:23,239 [INFO] DbBoards:232 - Set plugin images path to: C:\ST\STM32CubeIDE_1.3.0\STM32CubeIDE\plugins\com.st.stm32cube.common.mx_5.6.0.202002181639\\db\/plugins/mcufinder/images/
2020-03-19 22:46:23,348 [INFO] DbMcusAds:85 - Set database path to: C:\Users\Punar\.stmcufinder\plugins\mcufinder//mcu/
2020-03-19 22:46:23,348 [INFO] DbMcusDocs:108 - Set database path to: C:\Users\Punar\.stmcufinder\plugins\mcufinder//mcu/
2020-03-19 22:46:23,348 [INFO] DbMcusJson:61 - Set database path to: C:\Users\Punar\.stmcufinder\plugins\mcufinder//mcu/
2020-03-19 22:46:23,348 [INFO] DbBoardsDocs:97 - Set database path to: C:\Users\Punar\.stmcufinder\plugins\mcufinder//mcu/
2020-03-19 22:46:23,348 [INFO] DbBoardsJson:51 - Set database path to: C:\Users\Punar\.stmcufinder\plugins\mcufinder//mcu/
2020-03-19 22:46:23,540 [INFO] CrossReferenceDbSqlite:197 - Set database path to: C:\Users\Punar\.stmcufinder\plugins\mcufinder//mcu/cs/
2020-03-19 22:46:23,899 [INFO] RulesReader:52 - Compatibility file has been processed (208 Rules)
2020-03-19 22:46:24,212 [INFO] MicroXplorer:570 - Detected Java Version = 1.8.0_242
2020-03-19 22:46:24,212 [INFO] DbMcusXml:72 - Set database path to: C:\ST\STM32CubeIDE_1.3.0\STM32CubeIDE\plugins\com.st.stm32cube.common.mx_5.6.0.202002181639\\db\/mcu/
2020-03-19 22:46:24,212 [INFO] DbBoardsPdsc:54 - Set plugin database path to: C:\ST\STM32CubeIDE_1.3.0\STM32CubeIDE\plugins\com.st.stm32cube.common.mx_5.6.0.202002181639\\db\/plugins/boardmanager/
2020-03-19 22:46:24,212 [INFO] DbMcus:235 - Set plugin images path to: C:\ST\STM32CubeIDE_1.3.0\STM32CubeIDE\plugins\com.st.stm32cube.common.mx_5.6.0.202002181639\\db\/plugins/mcufinder/images/
2020-03-19 22:46:24,212 [INFO] DbBoards:232 - Set plugin images path to: C:\ST\STM32CubeIDE_1.3.0\STM32CubeIDE\plugins\com.st.stm32cube.common.mx_5.6.0.202002181639\\db\/plugins/mcufinder/images/
2020-03-19 22:46:24,212 [WARN] DbFile:36 - Overriding database path with different value: C:\Users\Punar\.stmcufinder\plugins\mcufinder/ => C:\Users\Punar\.stmcufinder\plugins\mcufinder
2020-03-19 22:46:24,212 [INFO] DbMcusAds:85 - Set database path to: C:\Users\Punar\.stmcufinder\plugins\mcufinder//mcu/
2020-03-19 22:46:24,212 [WARN] DbFile:36 - Overriding database path with different value: C:\Users\Punar\.stmcufinder\plugins\mcufinder/ => C:\Users\Punar\.stmcufinder\plugins\mcufinder
2020-03-19 22:46:24,212 [INFO] DbMcusDocs:108 - Set database path to: C:\Users\Punar\.stmcufinder\plugins\mcufinder//mcu/
2020-03-19 22:46:24,212 [WARN] DbFile:36 - Overriding database path with different value: C:\Users\Punar\.stmcufinder\plugins\mcufinder/ => C:\Users\Punar\.stmcufinder\plugins\mcufinder
2020-03-19 22:46:24,212 [INFO] DbMcusJson:61 - Set database path to: C:\Users\Punar\.stmcufinder\plugins\mcufinder//mcu/
2020-03-19 22:46:24,212 [WARN] DbFile:36 - Overriding database path with different value: C:\Users\Punar\.stmcufinder\plugins\mcufinder/ => C:\Users\Punar\.stmcufinder\plugins\mcufinder
2020-03-19 22:46:24,212 [INFO] DbBoardsDocs:97 - Set database path to: C:\Users\Punar\.stmcufinder\plugins\mcufinder//mcu/
2020-03-19 22:46:24,212 [WARN] DbFile:36 - Overriding database path with different value: C:\Users\Punar\.stmcufinder\plugins\mcufinder/ => C:\Users\Punar\.stmcufinder\plugins\mcufinder
2020-03-19 22:46:24,212 [INFO] DbBoardsJson:51 - Set database path to: C:\Users\Punar\.stmcufinder\plugins\mcufinder//mcu/
2020-03-19 22:46:24,212 [WARN] DbFile:36 - Overriding database path with different value: C:\Users\Punar\.stmcufinder\plugins\mcufinder/ => C:\Users\Punar\.stmcufinder\plugins\mcufinder
2020-03-19 22:46:24,212 [WARN] DbFile:36 - Overriding database path with different value: C:\Users\Punar\.stmcufinder\plugins\mcufinder/ => C:\Users\Punar\.stmcufinder\plugins\mcufinder
2020-03-19 22:46:24,212 [INFO] CrossReferenceDbSqlite:197 - Set database path to: C:\Users\Punar\.stmcufinder\plugins\mcufinder//mcu/cs/
2020-03-19 22:46:24,431 [INFO] MainPanel:181 - HeapMemory: 286261248
2020-03-19 22:46:24,660 [INFO] DbMcusXml:72 - Set database path to: C:\ST\STM32CubeIDE_1.3.0\STM32CubeIDE\plugins\com.st.stm32cube.common.mx_5.6.0.202002181639\\db\/mcu/
2020-03-19 22:46:24,660 [INFO] DbBoardsPdsc:54 - Set plugin database path to: C:\ST\STM32CubeIDE_1.3.0\STM32CubeIDE\plugins\com.st.stm32cube.common.mx_5.6.0.202002181639\\db\/plugins/boardmanager/
2020-03-19 22:46:24,660 [INFO] DbMcus:235 - Set plugin images path to: C:\ST\STM32CubeIDE_1.3.0\STM32CubeIDE\plugins\com.st.stm32cube.common.mx_5.6.0.202002181639\\db\/plugins/mcufinder/images/
2020-03-19 22:46:24,660 [INFO] DbBoards:232 - Set plugin images path to: C:\ST\STM32CubeIDE_1.3.0\STM32CubeIDE\plugins\com.st.stm32cube.common.mx_5.6.0.202002181639\\db\/plugins/mcufinder/images/
2020-03-19 22:46:24,676 [WARN] DbFile:36 - Overriding database path with different value: C:\Users\Punar\.stmcufinder\plugins\mcufinder/ => C:\Users\Punar\.stmcufinder\plugins\mcufinder
2020-03-19 22:46:24,676 [INFO] DbMcusAds:85 - Set database path to: C:\Users\Punar\.stmcufinder\plugins\mcufinder//mcu/
2020-03-19 22:46:24,676 [WARN] DbFile:36 - Overriding database path with different value: C:\Users\Punar\.stmcufinder\plugins\mcufinder/ => C:\Users\Punar\.stmcufinder\plugins\mcufinder
2020-03-19 22:46:24,676 [INFO] DbMcusDocs:108 - Set database path to: C:\Users\Punar\.stmcufinder\plugins\mcufinder//mcu/
2020-03-19 22:46:24,676 [WARN] DbFile:36 - Overriding database path with different value: C:\Users\Punar\.stmcufinder\plugins\mcufinder/ => C:\Users\Punar\.stmcufinder\plugins\mcufinder
2020-03-19 22:46:24,676 [INFO] DbMcusJson:61 - Set database path to: C:\Users\Punar\.stmcufinder\plugins\mcufinder//mcu/
2020-03-19 22:46:24,676 [WARN] DbFile:36 - Overriding database path with different value: C:\Users\Punar\.stmcufinder\plugins\mcufinder/ => C:\Users\Punar\.stmcufinder\plugins\mcufinder
2020-03-19 22:46:24,676 [INFO] DbBoardsDocs:97 - Set database path to: C:\Users\Punar\.stmcufinder\plugins\mcufinder//mcu/
2020-03-19 22:46:24,676 [WARN] DbFile:36 - Overriding database path with different value: C:\Users\Punar\.stmcufinder\plugins\mcufinder/ => C:\Users\Punar\.stmcufinder\plugins\mcufinder
2020-03-19 22:46:24,676 [INFO] DbBoardsJson:51 - Set database path to: C:\Users\Punar\.stmcufinder\plugins\mcufinder//mcu/
2020-03-19 22:46:24,676 [WARN] DbFile:36 - Overriding database path with different value: C:\Users\Punar\.stmcufinder\plugins\mcufinder/ => C:\Users\Punar\.stmcufinder\plugins\mcufinder
2020-03-19 22:46:24,676 [WARN] DbFile:36 - Overriding database path with different value: C:\Users\Punar\.stmcufinder\plugins\mcufinder/ => C:\Users\Punar\.stmcufinder\plugins\mcufinder
2020-03-19 22:46:24,676 [INFO] CrossReferenceDbSqlite:197 - Set database path to: C:\Users\Punar\.stmcufinder\plugins\mcufinder//mcu/cs/
2020-03-19 22:46:24,739 [INFO] ApplicationProperties:181 - Using Application install path: C:\ST\STM32CubeIDE_1.3.0\STM32CubeIDE\plugins\com.st.stm32cube.common.mx_5.6.0.202002181639
2020-03-19 22:46:24,739 [INFO] PluginManage:178 - Search for loadable plugins [exclusion list=, tutovideos]
2020-03-19 22:46:24,754 [INFO] PluginManage:292 - Check plugin analytics
2020-03-19 22:46:24,817 [INFO] PluginManage:342 - Loaded plugin analytics (category:tool,tabindex:-1)
2020-03-19 22:46:24,817 [INFO] PluginManage:292 - Check plugin clock
2020-03-19 22:46:24,848 [INFO] PluginManage:342 - Loaded plugin clock (category:base,tabindex:2)
2020-03-19 22:46:24,864 [INFO] PluginManage:292 - Check plugin ddr
2020-03-19 22:46:24,879 [INFO] PluginManage:342 - Loaded plugin ddr (category:tool,tabindex:6)
2020-03-19 22:46:24,879 [INFO] PluginManage:292 - Check plugin filemanager
2020-03-19 22:46:25,129 [INFO] PluginManage:342 - Loaded plugin filemanager (category:base,tabindex:10)
2020-03-19 22:46:25,129 [INFO] PluginManage:292 - Check plugin ipmanager
2020-03-19 22:46:25,145 [INFO] PluginManage:342 - Loaded plugin ipmanager (category:base,tabindex:5)
2020-03-19 22:46:25,145 [INFO] PluginManage:292 - Check plugin pinoutandconfiguration
2020-03-19 22:46:25,192 [INFO] PluginManage:342 - Loaded plugin pinoutandconfiguration (category:base,tabindex:1)
2020-03-19 22:46:25,192 [INFO] PluginManage:292 - Check plugin pinoutconfig
2020-03-19 22:46:25,395 [INFO] PluginManage:342 - Loaded plugin pinoutconfig (category:base,tabindex:0)
2020-03-19 22:46:25,395 [INFO] PluginManage:292 - Check plugin power
2020-03-19 22:46:25,508 [INFO] PluginManage:342 - Loaded plugin power (category:power,tabindex:4)
2020-03-19 22:46:25,508 [INFO] PluginManage:292 - Check plugin projectmanager
2020-03-19 22:46:25,540 [INFO] PluginManage:342 - Loaded plugin projectmanager (category:projectmanager,tabindex:3)
2020-03-19 22:46:25,540 [INFO] PluginManage:292 - Check plugin thirdparty
2020-03-19 22:46:25,805 [INFO] ThirdPartyDb:295 - Open Third Party DataBase File (C:/Users/Punar/.stm32cubemx/plugins/thirdparty/db/thirdparties_db.xml) : 78 ms. number of Sw pack : 10
2020-03-19 22:46:25,821 [INFO] PluginManage:342 - Loaded plugin thirdparty (category:base,tabindex:-1)
2020-03-19 22:46:25,821 [INFO] PluginManage:292 - Check plugin tools
2020-03-19 22:46:25,837 [INFO] PluginManage:342 - Loaded plugin tools (category:base,tabindex:7)
2020-03-19 22:46:25,837 [INFO] PluginManage:292 - Check plugin tutovideos
2020-03-19 22:46:25,868 [INFO] PluginManage:347 - Ignore plugin tutovideos (category:base)
2020-03-19 22:46:25,868 [INFO] PluginManage:292 - Check plugin updater
2020-03-19 22:46:25,993 [INFO] PluginManage:342 - Loaded plugin updater (category:base,tabindex:12)
2020-03-19 22:46:25,993 [INFO] PluginManage:265 - PluginManage : Loaded plugins [12]
2020-03-19 22:46:26,560 [INFO] PinOutPanel:1420 - setPackage(No Configuration,No Configuration)
2020-03-19 22:46:26,857 [INFO] IPUIPlugin:65 - create IPUIPlugin
2020-03-19 22:46:26,857 [INFO] PluginManager:200 - loadIPPluginJar : add adc
2020-03-19 22:46:26,888 [INFO] IPUIPlugin:65 - create IPUIPlugin
2020-03-19 22:46:26,888 [INFO] PluginManager:200 - loadIPPluginJar : add aes
2020-03-19 22:46:26,903 [INFO] IPUIPlugin:65 - create IPUIPlugin
2020-03-19 22:46:26,903 [INFO] PluginManager:200 - loadIPPluginJar : add can
2020-03-19 22:46:26,919 [INFO] IPUIPlugin:65 - create IPUIPlugin
2020-03-19 22:46:26,919 [INFO] PluginManager:200 - loadIPPluginJar : add comp
2020-03-19 22:46:26,935 [INFO] IPUIPlugin:65 - create IPUIPlugin
2020-03-19 22:46:26,935 [INFO] PluginManager:200 - loadIPPluginJar : add cryp
2020-03-19 22:46:26,950 [INFO] IPUIPlugin:65 - create IPUIPlugin
2020-03-19 22:46:26,950 [INFO] PluginManager:200 - loadIPPluginJar : add dfsdm
2020-03-19 22:46:27,028 [INFO] IPUIPlugin:65 - create IPUIPlugin
2020-03-19 22:46:27,028 [INFO] PluginManager:200 - loadIPPluginJar : add dma
2020-03-19 22:46:27,060 [INFO] IPUIPlugin:65 - create IPUIPlugin
2020-03-19 22:46:27,060 [INFO] PluginManager:200 - loadIPPluginJar : add fatfs
2020-03-19 22:46:27,075 [INFO] IPUIPlugin:65 - create IPUIPlugin
2020-03-19 22:46:27,075 [INFO] PluginManager:200 - loadIPPluginJar : add fmc
2020-03-19 22:46:27,091 [INFO] IPUIPlugin:65 - create IPUIPlugin
2020-03-19 22:46:27,106 [INFO] PluginManager:200 - loadIPPluginJar : add freertos
2020-03-19 22:46:27,106 [INFO] IPUIPlugin:65 - create IPUIPlugin
2020-03-19 22:46:27,106 [INFO] PluginManager:200 - loadIPPluginJar : add genericplugin
2020-03-19 22:46:27,122 [INFO] IPUIPlugin:65 - create IPUIPlugin
2020-03-19 22:46:27,122 [INFO] PluginManager:200 - loadIPPluginJar : add gfxmmu
2020-03-19 22:46:27,153 [INFO] IPUIPlugin:65 - create IPUIPlugin
2020-03-19 22:46:27,153 [INFO] PluginManager:200 - loadIPPluginJar : add gic
2020-03-19 22:46:27,185 [INFO] IPUIPlugin:65 - create IPUIPlugin
2020-03-19 22:46:27,185 [INFO] PluginManager:200 - loadIPPluginJar : add gpio
2020-03-19 22:46:27,200 [INFO] IPUIPlugin:65 - create IPUIPlugin
2020-03-19 22:46:27,200 [INFO] PluginManager:200 - loadIPPluginJar : add gtzc
2020-03-19 22:46:27,216 [INFO] IPUIPlugin:65 - create IPUIPlugin
2020-03-19 22:46:27,216 [INFO] PluginManager:200 - loadIPPluginJar : add hash
2020-03-19 22:46:27,232 [INFO] IPUIPlugin:65 - create IPUIPlugin
2020-03-19 22:46:27,247 [INFO] PluginManager:200 - loadIPPluginJar : add i2c
2020-03-19 22:46:27,435 [INFO] IPUIPlugin:65 - create IPUIPlugin
2020-03-19 22:46:27,435 [INFO] PluginManager:200 - loadIPPluginJar : add i2s
2020-03-19 22:46:27,435 [INFO] IPUIPlugin:65 - create IPUIPlugin
2020-03-19 22:46:27,435 [INFO] PluginManager:200 - loadIPPluginJar : add ipddr
2020-03-19 22:46:27,450 [INFO] IPUIPlugin:65 - create IPUIPlugin
2020-03-19 22:46:27,450 [INFO] PluginManager:200 - loadIPPluginJar : add ltdc
2020-03-19 22:46:27,466 [INFO] IPUIPlugin:65 - create IPUIPlugin
2020-03-19 22:46:27,466 [INFO] PluginManager:200 - loadIPPluginJar : add mdma
2020-03-19 22:46:27,501 [INFO] IPUIPlugin:65 - create IPUIPlugin
2020-03-19 22:46:27,501 [INFO] PluginManager:200 - loadIPPluginJar : add nvic
2020-03-19 22:46:27,501 [INFO] IPUIPlugin:65 - create IPUIPlugin
2020-03-19 22:46:27,501 [INFO] PluginManager:200 - loadIPPluginJar : add opamp
2020-03-19 22:46:27,501 [INFO] IPUIPlugin:65 - create IPUIPlugin
2020-03-19 22:46:27,501 [INFO] PluginManager:200 - loadIPPluginJar : add pdm2pcm
2020-03-19 22:46:27,548 [INFO] IPUIPlugin:65 - create IPUIPlugin
2020-03-19 22:46:27,548 [INFO] PluginManager:200 - loadIPPluginJar : add plateformsettings
2020-03-19 22:46:27,548 [INFO] IPUIPlugin:65 - create IPUIPlugin
2020-03-19 22:46:27,548 [INFO] PluginManager:200 - loadIPPluginJar : add quadspi
2020-03-19 22:46:27,564 [INFO] IPUIPlugin:65 - create IPUIPlugin
2020-03-19 22:46:27,564 [INFO] PluginManager:200 - loadIPPluginJar : add resmgrutility
2020-03-19 22:46:27,580 [INFO] IPUIPlugin:65 - create IPUIPlugin
2020-03-19 22:46:27,580 [INFO] PluginManager:200 - loadIPPluginJar : add sai
2020-03-19 22:46:27,595 [INFO] IPUIPlugin:65 - create IPUIPlugin
2020-03-19 22:46:27,595 [INFO] PluginManager:200 - loadIPPluginJar : add spi
2020-03-19 22:46:27,626 [INFO] IPUIPlugin:65 - create IPUIPlugin
2020-03-19 22:46:27,626 [INFO] PluginManager:200 - loadIPPluginJar : add stm32_wpan
2020-03-19 22:46:27,642 [INFO] IPUIPlugin:65 - create IPUIPlugin
2020-03-19 22:46:27,642 [INFO] PluginManager:200 - loadIPPluginJar : add tim
2020-03-19 22:46:27,658 [INFO] IPUIPlugin:65 - create IPUIPlugin
2020-03-19 22:46:27,658 [INFO] PluginManager:200 - loadIPPluginJar : add touchsensing
2020-03-19 22:46:27,673 [INFO] IPUIPlugin:65 - create IPUIPlugin
2020-03-19 22:46:27,673 [INFO] PluginManager:200 - loadIPPluginJar : add tracer_emb
2020-03-19 22:46:27,673 [INFO] IPUIPlugin:65 - create IPUIPlugin
2020-03-19 22:46:27,673 [INFO] PluginManager:200 - loadIPPluginJar : add ts
2020-03-19 22:46:27,689 [INFO] IPUIPlugin:65 - create IPUIPlugin
2020-03-19 22:46:27,689 [INFO] PluginManager:200 - loadIPPluginJar : add tsc
2020-03-19 22:46:27,689 [INFO] IPUIPlugin:65 - create IPUIPlugin
2020-03-19 22:46:27,689 [INFO] PluginManager:200 - loadIPPluginJar : add ucpd
2020-03-19 22:46:27,705 [INFO] IPUIPlugin:65 - create IPUIPlugin
2020-03-19 22:46:27,705 [INFO] PluginManager:200 - loadIPPluginJar : add usart
2020-03-19 22:46:29,318 [INFO] BoardConnectionPanel:3472 - [DDR PANEL] STM32CubeIDE environment
2020-03-19 22:46:29,334 [INFO] MainDdrPanel:103 - [DDR PANEL] GETTER - cubeProgrammerPath is: null
2020-03-19 22:46:29,718 [FATAL] Updater:277 - Updater called before beeing initialized
2020-03-19 22:46:30,375 [FATAL] Updater:277 - Updater called before beeing initialized
2020-03-19 22:46:30,375 [INFO] PinOutPanel:1420 - setPackage(No Configuration,No Configuration)
2020-03-19 22:46:30,375 [FATAL] Updater:277 - Updater called before beeing initialized
2020-03-19 22:46:30,390 [INFO] BoardConnectionPanel:3472 - [DDR PANEL] STM32CubeIDE environment
2020-03-19 22:46:30,390 [INFO] MainDdrPanel:103 - [DDR PANEL] GETTER - cubeProgrammerPath is: C:\ST\STM32CubeIDE_1.3.0\STM32CubeIDE\plugins\com.st.stm32cube.ide.mcu.externaltools.cubeprogrammer.win32_1.3.0.202002181050\tools\bin
2020-03-19 22:46:30,406 [INFO] ProgrammerExecThread:148 - [ProgrammerAPI] CubeProgrammer command construction: C:\ST\STM32CubeIDE_1.3.0\STM32CubeIDE\plugins\com.st.stm32cube.ide.mcu.externaltools.cubeprogrammer.win32_1.3.0.202002181050\tools\bin\STM32_Programmer_CLI.exe -l
2020-03-19 22:46:31,836 [FATAL] Updater:277 - Updater called before beeing initialized
2020-03-19 22:46:31,836 [ERROR] IntegrityCheckThread:252 - Cannot obtain thirdParties list 21
2020-03-19 22:46:31,836 [ERROR] IntegrityCheckThread:100 - Unexpected exception IntegrityCheckThread Thread: Updater error
2020-03-19 22:46:31,836 [INFO] ThirdPartyDb:261 - Close Third Party DataBase File (C:/Users/Punar/.stm32cubemx/plugins/thirdparty/db/thirdparties_db.xml)
2020-03-19 22:46:33,184 [INFO] MainDdrPanel:93 - [DDR PANEL] SETTER - Set cubeProgrammerPath to: C:\ST\STM32CubeIDE_1.3.0\STM32CubeIDE\plugins\com.st.stm32cube.ide.mcu.externaltools.cubeprogrammer.win32_1.3.0.202002181050\tools\bin
2020-03-19 22:46:33,221 [INFO] Updater:886 - Updater Version found : 5.6.0
2020-03-19 22:46:33,301 [INFO] ApplicationProperties:181 - Using Application install path: C:\ST\STM32CubeIDE_1.3.0\STM32CubeIDE\plugins\com.st.stm32cube.common.mx_5.6.0.202002181639
2020-03-19 22:46:33,896 [INFO] MainUpdater:2230 - connection check result : 10
2020-03-19 22:46:33,896 [INFO] MainUpdater:236 - Updater Check For Update Now.
2020-03-19 22:46:33,896 [INFO] MicroXplorer:420 - Change Database Version : DB.5.0.60
2020-03-19 22:46:34,037 [INFO] CheckServerUpdateThread:92 - End of CheckServer Thread
2020-03-19 22:46:34,162 [INFO] MainUpdater:2230 - connection check result : 10
2020-03-19 22:46:34,162 [INFO] LogOutputStream:76 - [STDOUT_REDIRECT] Successfull proxy connection.
2020-03-19 22:46:34,791 [INFO] McuFinderGlobals:40 - Set McuFinder mode to 2 (CubeIDE integrated)
2020-03-19 22:46:34,822 [INFO] FinderPluginLoader:86 - Searching for filters in installed packs
2020-03-19 22:46:34,838 [INFO] DbMcusXml:110 - Load MCU database from C:\ST\STM32CubeIDE_1.3.0\STM32CubeIDE\plugins\com.st.stm32cube.common.mx_5.6.0.202002181639\\db\/mcu/families.xml
2020-03-19 22:46:36,815 [INFO] DbMcusJson:90 - JSON generation date=Wed Feb 26 09:53:47 CET 2020 (1582707227)
2020-03-19 22:46:37,899 [INFO] DbMcus:171 - Found 1670 MCUs (1625 are supported by CubeMX, 1625 are visible in CubeMX)
2020-03-19 22:46:37,977 [INFO] ApiDb:158 - Load user favorites file C:\Users\Punar/.stm32cubeide/favorites.mcus.txt: 0 item(s)
2020-03-19 22:46:37,977 [INFO] ApiDb:163 - User favorites MCUs=[]
2020-03-19 22:46:37,977 [INFO] DbMcus:183 - Set 0 / 0 favorites MCUs
2020-03-19 22:46:38,918 [INFO] DbMcusAds:143 - JSON generation date=Thu Mar 12 16:08:29 CET 2020 (1584025709)
2020-03-19 22:46:38,918 [INFO] LoadUrlFilesThread:161 - End of LoadServerUrlFiles without Thread
2020-03-19 22:46:39,012 [INFO] McuDetailPanel:181 - Set advertising image to C:/Users/Punar/STM32Cube/Repository/\STM32L4_MCUs_N4239S_big.jpg
2020-03-19 22:46:39,668 [INFO] McuFilterPanel:249 - Update 0 favorites MCUs
2020-03-19 22:46:40,017 [INFO] DbBoardsPdsc:92 - Found 22 items
2020-03-19 22:46:40,017 [INFO] DbBoardsPdsc:92 - Found 9 items
2020-03-19 22:46:40,032 [INFO] DbBoardsPdsc:92 - Found 28 items
2020-03-19 22:46:40,048 [INFO] DbBoardsPdsc:92 - Found 1 items
2020-03-19 22:46:40,079 [INFO] DbBoardsPdsc:92 - Found 40 items
2020-03-19 22:46:40,110 [INFO] DbBoardsPdsc:92 - Found 39 items
2020-03-19 22:46:40,110 [INFO] DbBoardsPdsc:92 - Found 2 items
2020-03-19 22:46:40,126 [INFO] DbBoardsPdsc:92 - Found 4 items
2020-03-19 22:46:40,142 [WARN] DbBoardsPdsc:256 - Board STM32H7B3I-DK: unknown feature type=Audio, name=, username=Audio stereo codec with Headphone Amp (CS42L51-CNZ), n=1
2020-03-19 22:46:40,142 [WARN] DbBoardsPdsc:256 - Board STM32H7B3I-DK: unknown feature type=WIFI, name=, username=WIFI 802.11 b/g/n, n=1
2020-03-19 22:46:40,142 [WARN] DbBoardsPdsc:256 - Board STM32H7B3I-EVAL: unknown feature type=Audio, name=, username=Multi-Channel Audio Codec (CS42L51-CNZ), n=1
2020-03-19 22:46:40,142 [WARN] DbBoardsPdsc:256 - Board STM32H7B3I-EVAL: unknown feature type=Meter, name=, username=Power-metering and Temperature-monitoring with sigma-delta modulators, n=1
2020-03-19 22:46:40,142 [WARN] DbBoardsPdsc:256 - Board STM32H7B3I-EVAL: unknown feature type=WIFI, name=, username=WIFI 802.11 a/b/g/n, n=1
2020-03-19 22:46:40,142 [WARN] DbBoardsPdsc:256 - Board STM32H7B3I-EVAL: unknown feature type=Motor, name=, username=Motor Control, n=1
2020-03-19 22:46:40,251 [INFO] DbBoardsJson:80 - JSON generation date=Tue Feb 11 14:53:55 CET 2020 (1581429235)
2020-03-19 22:46:40,251 [INFO] DbBoards:120 - Found 145 boards (142 are supported by CubeMX)
2020-03-19 22:46:40,298 [INFO] DbBoardsDocs:131 - JSON generation date=Wed Feb 26 09:53:47 CET 2020 (1582707227)
2020-03-19 22:46:40,313 [INFO] DbBoardsDocs:70 - Found 173 boards documents
2020-03-19 22:46:40,313 [WARN] DbBoards:130 - board NUCLEO-H743ZI2 has no document id list !
2020-03-19 22:46:40,313 [WARN] DbBoards:130 - board NUCLEO-L4P5ZG has no document id list !
2020-03-19 22:46:40,313 [WARN] DbBoards:130 - board P-NUCLEO-WB55-Nucleo has no document id list !
2020-03-19 22:46:40,313 [WARN] DbBoards:130 - board P-NUCLEO-WB55-USBDongle has no document id list !
2020-03-19 22:46:40,313 [WARN] DbBoards:130 - board NUCLEO-WB35CE has no document id list !
2020-03-19 22:46:40,313 [WARN] DbBoards:130 - board STM32F401C-DISCO has no document id list !
2020-03-19 22:46:40,329 [WARN] DbBoards:130 - board STM32F769I-DISC1 has no document id list !
2020-03-19 22:46:40,329 [WARN] DbBoards:130 - board STM32L-DISCOVERY has no document id list !
2020-03-19 22:46:40,329 [WARN] DbBoards:130 - board STM32H747I-DISC1 has no document id list !
2020-03-19 22:46:40,329 [WARN] DbBoards:130 - board STM32MP157A-DK1 has no document id list !
2020-03-19 22:46:40,329 [WARN] DbBoards:130 - board STM32L4P5G-DK has no document id list !
2020-03-19 22:46:40,329 [WARN] DbBoards:130 - board STM32100E-EVAL has no document id list !
2020-03-19 22:46:40,329 [WARN] DbBoards:130 - board STM32303C-EVAL has no document id list !
2020-03-19 22:46:40,329 [WARN] DbBoards:130 - board STM32L152D-EVAL has no document id list !
2020-03-19 22:46:40,329 [WARN] DbBoards:130 - board STM32H743I-EVAL2 has no document id list !
2020-03-19 22:46:40,329 [WARN] DbBoards:130 - board STM32H753I-EVAL2 has no document id list !
2020-03-19 22:46:40,329 [WARN] DbBoards:130 - board STM32G474E-EVAL1 has no document id list !
2020-03-19 22:46:40,329 [WARN] DbBoards:130 - board STEVAL-BFA001V1B has no document id list !
2020-03-19 22:46:40,329 [WARN] DbBoards:130 - board STEVAL-BFA001V2B has no document id list !
2020-03-19 22:46:40,329 [WARN] DbBoards:130 - board STEVAL-MKSBOX1V1 has no document id list !
2020-03-19 22:46:40,329 [WARN] DbBoards:130 - board STEVAL-STWINKT1 has no document id list !
2020-03-19 22:46:40,329 [WARN] DbBoards:130 - board STEVAL-IDP005V1 has no document id list !
2020-03-19 22:46:40,329 [WARN] DbBoards:130 - board STEVAL-IDP005V2 has no document id list !
2020-03-19 22:46:42,697 [INFO] ApiDb:158 - Load user favorites file C:\Users\Punar/.stm32cubeide/favorites.boards.txt: 0 item(s)
2020-03-19 22:46:42,697 [INFO] ApiDb:163 - User favorites Boards=[]
2020-03-19 22:46:42,697 [INFO] DbBoards:209 - Set 0 / 0 favorites Boards
2020-03-19 22:46:42,795 [INFO] LoadUrlFilesThread:161 - End of LoadServerUrlFiles without Thread
2020-03-19 22:46:42,795 [INFO] BoardDetailPanel:180 - Set advertising image to C:/Users/Punar/STM32Cube/Repository/\STM32L4_MCUs_N4239S_big.jpg
2020-03-19 22:46:42,826 [INFO] BoardFilterPanel:211 - Update 0 favorites Boards
2020-03-19 22:46:44,049 [INFO] CrossSelectorPresenter:1319 - Cross Selector saved comparison directory: C:\Users\Punar\.stmcufinder\plugins\mcufinder\mcu\cs_comparisons_mx
2020-03-19 22:50:24,008 [INFO] LogOutputStream:76 - [STDOUT_REDIRECT] withoutVersionV1.11.0
2020-03-19 22:50:33,944 [INFO] LogOutputStream:76 - [STDOUT_REDIRECT] File copied successfully!!
2020-03-19 22:50:49,600 [INFO] MainUpdater:2230 - connection check result : 10
2020-03-19 22:50:49,678 [INFO] MicroXplorer:390 - Change Database Path : 
2020-03-19 22:50:49,678 [INFO] MicroXplorer:420 - Change Database Version : DB.5.0.60
2020-03-19 22:50:49,678 [INFO] PinOutPanel:1420 - setPackage(No Configuration,No Configuration)
2020-03-19 22:50:49,678 [INFO] UtilMem:74 - Begin LoadConfig() Used Memory: 392335688 Bytes (602931200)
2020-03-19 22:50:49,678 [INFO] OpenFileManager:274 - Change cursor
2020-03-19 22:50:52,849 [INFO] Rule:211 - rule SPDIFRX instance for mcu is applicable
2020-03-19 22:50:52,849 [INFO] Rule:211 - rule Rename Tracer Mode is applicable
2020-03-19 22:50:52,849 [INFO] Rule:211 - rule SPDIFRX instance value for IP SPDIFRX is applicable
2020-03-19 22:50:52,849 [INFO] Rule:211 - rule SPDIFRX instance for signal is applicable
2020-03-19 22:50:52,849 [INFO] Rule:211 - rule SPDIFRX instance for project manager is applicable
2020-03-19 22:50:52,849 [INFO] Rule:211 - rule SPDIFRX instance for project manager is applicable
2020-03-19 22:50:52,849 [INFO] Rule:211 - rule ADC Scan  fix with FW F7 is applicable
2020-03-19 22:50:52,849 [INFO] Rule:211 - rule ADC Scan  fix with FW F7 is applicable
2020-03-19 22:50:52,849 [INFO] Rule:211 - rule Rename Comp Signal is applicable
2020-03-19 22:50:52,849 [INFO] Rule:211 - rule DMA-DAC mode for DIE422 is applicable
2020-03-19 22:50:52,849 [INFO] Rule:211 - rule DMA-DAC mode for DIE438 is applicable
2020-03-19 22:50:52,849 [INFO] Rule:211 - rule DMA-DAC mode for DIE432 or DIE446 is applicable
2020-03-19 22:50:52,849 [INFO] Rule:211 - rule DFSDM instance value for IP DFSDM is applicable
2020-03-19 22:50:52,849 [INFO] Rule:211 - rule DFSDM instance for mcu is applicable
2020-03-19 22:50:52,849 [INFO] Rule:211 - rule DFSDM instance for VP is applicable
2020-03-19 22:50:52,849 [INFO] Rule:211 - rule DFSDM instance for signal is applicable
2020-03-19 22:50:52,849 [INFO] Rule:211 - rule DFSDM instance for shared is applicable
2020-03-19 22:50:52,849 [INFO] Rule:211 - rule BreakInputSource parameter for IP Timer is applicable
2020-03-19 22:50:52,849 [INFO] Rule:211 - rule Sourcebreak parameter for IP Timer is applicable
2020-03-19 22:50:52,849 [INFO] Rule:211 - rule Sourcebreak parameter for IP Timer is applicable
2020-03-19 22:50:52,849 [INFO] Rule:211 - rule DFSDM for PCC is applicable
2020-03-19 22:50:52,849 [INFO] Rule:211 - rule Serial_Wire Mode is applicable
2020-03-19 22:50:52,849 [INFO] Rule:211 - rule JTAG_4_pins Mode is applicable
2020-03-19 22:50:52,849 [INFO] Rule:211 - rule JTAG_5_pins Mode is applicable
2020-03-19 22:50:52,849 [INFO] Rule:211 - rule Trace_Asynchronous_SW Mode is applicable
2020-03-19 22:50:52,849 [INFO] Rule:211 - rule Trace_Synchro_1bit_JTAG Mode is applicable
2020-03-19 22:50:52,849 [INFO] Rule:211 - rule Trace_Synchro_2bits_JTAG Mode is applicable
2020-03-19 22:50:52,849 [INFO] Rule:211 - rule Trace_Synchro_4bits_JTAG Mode is applicable
2020-03-19 22:50:52,849 [INFO] Rule:211 - rule Trace_Synchro_1bit_SW Mode is applicable
2020-03-19 22:50:52,849 [INFO] Rule:211 - rule Trace_Synchro_2bits_SW Mode is applicable
2020-03-19 22:50:52,849 [INFO] Rule:211 - rule Trace_Synchro_4bits_SW Mode is applicable
2020-03-19 22:50:52,849 [INFO] Rule:211 - rule SYS_WakeUp0 Mode is applicable
2020-03-19 22:50:52,849 [INFO] Rule:211 - rule SYS_WakeUp0 Mode for STM32F446 is applicable
2020-03-19 22:50:52,849 [INFO] Rule:211 - rule SYS_WakeUp1 Mode is applicable
2020-03-19 22:50:52,849 [INFO] Rule:211 - rule SYS_WakeUp1 Mode for STM32F446 is applicable
2020-03-19 22:50:52,849 [INFO] Rule:211 - rule SYS_WakeUp2 Mode is applicable
2020-03-19 22:50:52,849 [INFO] Rule:211 - rule SYS_WakeUp3 Mode is applicable
2020-03-19 22:50:52,865 [INFO] Rule:211 - rule SYS_WakeUp4 Mode is applicable
2020-03-19 22:50:52,865 [INFO] Rule:211 - rule SYS_WakeUp5 Mode is applicable
2020-03-19 22:50:52,865 [INFO] Rule:211 - rule SYS_WakeUp6 Mode is applicable
2020-03-19 22:50:52,865 [INFO] Rule:211 - rule SYS_WakeUp7 Mode is applicable
2020-03-19 22:50:52,865 [INFO] Rule:211 - rule Mode_PVD_Ext is applicable
2020-03-19 22:50:52,865 [INFO] Rule:211 - rule Mode_PVD_Int is applicable
2020-03-19 22:50:52,865 [INFO] Rule:211 - rule Add RTC Activate Clock Source is applicable
2020-03-19 22:50:52,865 [INFO] Rule:211 - rule Add RTC Activate Calendar 1 is applicable
2020-03-19 22:50:52,865 [INFO] Rule:211 - rule Add RTC Activate Calendar 2 is applicable
2020-03-19 22:50:52,865 [INFO] Rule:211 - rule Add RTC Activate Calendar 3 is applicable
2020-03-19 22:50:52,865 [INFO] Rule:211 - rule UART/USART TX Mode is applicable
2020-03-19 22:50:52,865 [INFO] Rule:211 - rule UART/USART RX Mode is applicable
2020-03-19 22:50:52,865 [INFO] Rule:211 - rule UART/USART RX TX Mode is applicable
2020-03-19 22:50:52,865 [INFO] Rule:211 - rule UART/USART PARITY NONE is applicable
2020-03-19 22:50:52,865 [INFO] Rule:211 - rule UART/USART PARITY EVEN is applicable
2020-03-19 22:50:52,865 [INFO] Rule:211 - rule UART/USART PARITY ODD is applicable
2020-03-19 22:50:52,865 [INFO] Rule:211 - rule USART StopBits 1 is applicable
2020-03-19 22:50:52,865 [INFO] Rule:211 - rule USART StopBits 2 is applicable
2020-03-19 22:50:52,865 [INFO] Rule:211 - rule USART StopBits 1.5 is applicable
2020-03-19 22:50:52,865 [INFO] Rule:211 - rule USART StopBits 0.5 is applicable
2020-03-19 22:50:52,865 [INFO] Rule:211 - rule UART/USART WORD LENGTH 7 is applicable
2020-03-19 22:50:52,865 [INFO] Rule:211 - rule UART/USART WORD LENGTH 8 is applicable
2020-03-19 22:50:52,865 [INFO] Rule:211 - rule UART/USART WORD LENGTH 9 is applicable
2020-03-19 22:50:52,865 [INFO] Rule:211 - rule Rename FMC NAND NCE signal is applicable
2020-03-19 22:50:52,865 [INFO] Rule:211 - rule Rename FMC NAND INT signal is applicable
2020-03-19 22:50:52,865 [INFO] Rule:211 - rule Change Default Value for ADC ExternalTrigConv L4 family is applicable
2020-03-19 22:50:52,865 [INFO] Rule:211 - rule Change Default Value for ADC ExternalTrigInjecConv L4 family is applicable
2020-03-19 22:50:52,865 [INFO] Rule:211 - rule Change Default Value for ADC ExternalTrigConv F3 family is applicable
2020-03-19 22:50:52,865 [INFO] Rule:211 - rule Change Default Value for ADC ExternalTrigInjecConv F3 family is applicable
2020-03-19 22:50:52,865 [INFO] Rule:211 - rule Change Default Value for ADC ExternalTrigConv Goldfish serie is applicable
2020-03-19 22:50:52,865 [INFO] Rule:211 - rule Change Default Value for ADC ExternalTrigInjecConv Goldfish serie is applicable
2020-03-19 22:50:52,865 [INFO] Rule:211 - rule Change Default Value for ADC ExternalTrigConv L0 family is applicable
2020-03-19 22:50:52,865 [INFO] Rule:211 - rule Change Default Value for ADC ExternalTrigConv F0 family is applicable
2020-03-19 22:50:52,865 [INFO] Rule:211 - rule Change Default Value for ADC ExternalTrigConvn L1 family is applicable
2020-03-19 22:50:52,865 [INFO] Rule:211 - rule Change Default Value for ADC ExternalTrigInjecConv L1 family is applicable
2020-03-19 22:50:52,865 [INFO] Rule:211 - rule Change Default Value for ADC ExternalTrigConv F1 family is applicable
2020-03-19 22:50:52,865 [INFO] Rule:211 - rule Change Default Value for ADC ExternalTrigInjecConv F1 family is applicable
2020-03-19 22:50:52,865 [INFO] Rule:211 - rule Change Default Value for ADC ExternalTrigConv F7 family is applicable
2020-03-19 22:50:52,865 [INFO] Rule:211 - rule Change Default Value for ADC ExternalTrigInjecConv F7 family is applicable
2020-03-19 22:50:52,865 [INFO] Rule:211 - rule Change Default Value for ADC ExternalTrigConv F4 and F2 family is applicable
2020-03-19 22:50:52,865 [INFO] Rule:211 - rule Change Default Value for ADC ExternalTrigInjecConv F4 and F2 family is applicable
2020-03-19 22:50:52,865 [INFO] Rule:211 - rule ADC SamplingTime fix with FW L0  is applicable
2020-03-19 22:50:52,865 [INFO] Rule:211 - rule ADC SamplingTime fix with FW L0  is applicable
2020-03-19 22:50:52,865 [INFO] Rule:211 - rule ADC SamplingTime fix with FW L0 is applicable
2020-03-19 22:50:52,865 [INFO] Rule:211 - rule ADC SamplingTime fix with FW L0 is applicable
2020-03-19 22:50:52,865 [INFO] Rule:211 - rule ADC SamplingTime fix with FW L0  is applicable
2020-03-19 22:50:52,865 [INFO] Rule:211 - rule ADC SamplingTime fix with FW L0 is applicable
2020-03-19 22:50:52,865 [INFO] Rule:211 - rule Rename USB_OE Signal is applicable
2020-03-19 22:50:52,865 [INFO] Rule:211 - rule Rename Activate_OE Mode is applicable
2020-03-19 22:50:52,865 [INFO] Rule:211 - rule Rename DIE462/DIE415 pin PC14/OSC32_IN -> PC14-OSC32_IN (PC14) is applicable
2020-03-19 22:50:52,865 [INFO] Rule:211 - rule Rename DIE462/DIE415 pin PC15/OSC32_OUT -> PC15-OSC32_OUT (PC15) is applicable
2020-03-19 22:50:52,865 [INFO] Rule:211 - rule Rename DIE462/DIE415 pin PH0/OSC_IN -> PH0-OSC_IN (PH0) is applicable
2020-03-19 22:50:52,865 [INFO] Rule:211 - rule Rename DIE462/DIE415 pin PH1/OSC_OUT -> PH1-OSC_OUT (PH1) is applicable
2020-03-19 22:50:52,865 [INFO] Rule:211 - rule Rename DIE462 pin PA13 -> PA13 (JTMS/SWDIO) is applicable
2020-03-19 22:50:52,865 [INFO] Rule:211 - rule Rename DIE415 pin PA13 -> PA13 (JTMS/SWDIO) is applicable
2020-03-19 22:50:52,865 [INFO] Rule:211 - rule Rename DIE462 pin PA14 -> PA14 (JTCK/SWCLK) is applicable
2020-03-19 22:50:52,865 [INFO] Rule:211 - rule Rename DIE415 pin PA14 -> PA14 (JTCK/SWCLK) is applicable
2020-03-19 22:50:52,865 [INFO] Rule:211 - rule Rename DIE462/DIE415 pin PA15 -> PA15 (JTDI) is applicable
2020-03-19 22:50:52,865 [INFO] Rule:211 - rule Rename DIE462 pin PB3 -> PB3 (JTD0/TRACESWO) is applicable
2020-03-19 22:50:52,865 [INFO] Rule:211 - rule Rename DIE415 pin PB3 -> PB3 (JTD0-TRACESWO) is applicable
2020-03-19 22:50:52,865 [INFO] Rule:211 - rule Rename DIE462/DIE415 pin PB4 -> PB4 (NJTRST) is applicable
2020-03-19 22:50:52,865 [INFO] Rule:211 - rule Rename DIE462 pin PH3/BOOT0 -> PH3-BOOT0 (BOOT0) is applicable
2020-03-19 22:50:52,865 [INFO] Rule:211 - rule Rename CRYP DataEncryptionTypesList to Algorithm is applicable
2020-03-19 22:50:52,865 [INFO] Rule:211 - rule Rename AES DataEncryptionTypesList to Algorithm is applicable
2020-03-19 22:50:52,865 [INFO] Rule:211 - rule Rename TDESECB to CRYP_TDES_ECB is applicable
2020-03-19 22:50:52,865 [INFO] Rule:211 - rule Rename TDESCBC to CRYP_TDES_CBC is applicable
2020-03-19 22:50:52,865 [INFO] Rule:211 - rule Rename DESECB to CRYP_DES_ECB is applicable
2020-03-19 22:50:52,865 [INFO] Rule:211 - rule Rename DESCBC to CRYP_DES_CBC is applicable
2020-03-19 22:50:52,865 [INFO] Rule:211 - rule Rename AESECB to CRYP_AES_ECB is applicable
2020-03-19 22:50:52,865 [INFO] Rule:211 - rule Rename AESCBC to CRYP_AES_CBC is applicable
2020-03-19 22:50:52,865 [INFO] Rule:211 - rule Rename AESCTR to CRYP_AES_CTR is applicable
2020-03-19 22:50:52,865 [INFO] Rule:211 - rule Rename AESGCM to CRYP_AES_GCM is applicable
2020-03-19 22:50:52,865 [INFO] Rule:211 - rule Rename AESCCM to CRYP_AES_CCM is applicable
2020-03-19 22:50:52,865 [INFO] Rule:211 - rule Rename CAN TimeSeg1 to BS1 is applicable
2020-03-19 22:50:52,865 [INFO] Rule:211 - rule Rename CAN TimeSeg2 to BS2 is applicable
2020-03-19 22:50:52,865 [INFO] Rule:211 - rule Rename CAN SyncJumpWidth to SJW is applicable
2020-03-19 22:50:52,865 [INFO] Rule:211 - rule TimeTriggeredMode to TTCM is applicable
2020-03-19 22:50:52,865 [INFO] Rule:211 - rule Rename CAN AutoBusOff to ABOM is applicable
2020-03-19 22:50:52,865 [INFO] Rule:211 - rule Rename CAN AutoWakeUp to AWUM is applicable
2020-03-19 22:50:52,865 [INFO] Rule:211 - rule Rename CAN AutoRetransmission to NART is applicable
2020-03-19 22:50:52,865 [INFO] Rule:211 - rule Rename CAN ReceiveFifoLocked to RFLM is applicable
2020-03-19 22:50:52,865 [INFO] Rule:211 - rule Rename CAN TransmitFifoPriority to TXFP is applicable
2020-03-19 22:50:52,865 [INFO] Rule:211 - rule Rename HRTIMER HRTIM_OUTPUTFAULTLEVEL_HIGH in HRTIMER HRTIM_OUTPUTFAULTLEVEL_HIGHZ is applicable
2020-03-19 22:50:52,865 [INFO] Rule:211 - rule Rename TIMER TIM_CLEARINPUTSOURCE_OCREFCLR in  TIMER TIM_CLEARINPUTSOURCE_NONE for F7 family is applicable
2020-03-19 22:50:52,865 [INFO] Rule:211 - rule FDCAN_R1 - Rename FDCAN mode Master into Classic is applicable
2020-03-19 22:50:52,865 [INFO] Rule:211 - rule FDCAN_R2 - Rename FDCAN mode Slave into Classic is applicable
2020-03-19 22:50:52,865 [INFO] Rule:211 - rule FDCAN1_R3 - if PA10.Mode=FullDuplex, add Pin PA12 is applicable
2020-03-19 22:50:52,865 [INFO] Rule:211 - rule FDCAN1_R3 - if PA9.Mode=FullDuplex, add Pin PA11 is applicable
2020-03-19 22:50:52,865 [INFO] Rule:211 - rule FDCAN1_R3 - Alternatepin_1 - if PE1.Mode=FullDuplex, add Pin PB9 is applicable
2020-03-19 22:50:52,865 [INFO] Rule:211 - rule FDCAN1_R3 - Alternatepin_1 - if PE0.Mode=FullDuplex, add Pin PB8 is applicable
2020-03-19 22:50:52,865 [INFO] Rule:211 - rule FDCAN1_R3 - Alternatepin_2 - if PD5.Mode=FullDuplex, add Pin PD1 is applicable
2020-03-19 22:50:52,865 [INFO] Rule:211 - rule FDCAN1_R3 - Alternatepin_2 - if PD4.Mode=FullDuplex, add Pin PD0 is applicable
2020-03-19 22:50:52,865 [INFO] Rule:211 - rule FDCAN1_R4 - Rename Mode FullDuplex into Enable FDCAN_TXFD for pin PA10 is applicable
2020-03-19 22:50:52,865 [INFO] Rule:211 - rule FDCAN1_R4 - Rename Mode FullDuplex into Enable FDCAN_TXFD for pin PA9 is applicable
2020-03-19 22:50:52,865 [INFO] Rule:211 - rule FDCAN1_R4 - Alternatepin_1 - Rename Mode FullDuplex into Enable FDCAN_TXFD for pin PE1 is applicable
2020-03-19 22:50:52,865 [INFO] Rule:211 - rule FDCAN1_R4 - Alternatepin_1 - Rename Mode FullDuplex into Enable FDCAN_TXFD for pin PE0 is applicable
2020-03-19 22:50:52,865 [INFO] Rule:211 - rule FDCAN1_R4 - Alternatepin_2 - Rename Mode FullDuplex into Enable FDCAN_TXFD for pin PD5 is applicable
2020-03-19 22:50:52,865 [INFO] Rule:211 - rule FDCAN1_R4 - Alternatepin_2 - Rename Mode FullDuplex into Enable FDCAN_TXFD for pin PD4 is applicable
2020-03-19 22:50:52,865 [INFO] Rule:211 - rule FDCAN2_R3 - if PD10.Mode=FullDuplex, add Pin PB13 is applicable
2020-03-19 22:50:52,865 [INFO] Rule:211 - rule FDCAN2_R3 - if PD9.Mode=FullDuplex, add Pin PB12 is applicable
2020-03-19 22:50:52,865 [INFO] Rule:211 - rule FDCAN2_R3 - Alternatepin_1 - if PB7.Mode=FullDuplex, add Pin PB6 is applicable
2020-03-19 22:50:52,865 [INFO] Rule:211 - rule FDCAN2_R3 - Alternatepin_1 - if PD9.Mode=FullDuplex, add Pin PB12 is applicable
2020-03-19 22:50:52,865 [INFO] Rule:211 - rule FDCAN2_R4 - Rename Mode FullDuplex into Enable FDCAN_TXFD for pin PD10 is applicable
2020-03-19 22:50:52,865 [INFO] Rule:211 - rule FDCAN2_R4 - Rename Mode FullDuplex into Enable FDCAN_TXFD for pin PD9 is applicable
2020-03-19 22:50:52,865 [INFO] Rule:211 - rule FDCAN2_R4 - Alternatepin_1 - Rename Mode FullDuplex into Enable FDCAN_TXFD for pin PB7 is applicable
2020-03-19 22:50:52,881 [INFO] Rule:211 - rule FDCAN2_R4 - Alternatepin_1 - Rename Mode FullDuplex into Enable FDCAN_TXFD for pin PD6 is applicable
2020-03-19 22:50:52,881 [INFO] Rule:211 - rule USART TxPinLevelInvertParam Mode is applicable
2020-03-19 22:50:52,881 [INFO] Rule:211 - rule USART RxPinLevelInvertParam Mode is applicable
2020-03-19 22:50:52,881 [INFO] Rule:211 - rule USART DataInvertParam Mode is applicable
2020-03-19 22:50:52,881 [INFO] Rule:211 - rule USART SwapParam Mode is applicable
2020-03-19 22:50:52,881 [INFO] Rule:211 - rule USART OverrunDisableParam Mode is applicable
2020-03-19 22:50:52,881 [INFO] Rule:211 - rule USART DMADisableonRxErrorParam Mode is applicable
2020-03-19 22:50:52,881 [INFO] Rule:211 - rule USART MSBFirstParam Mode is applicable
2020-03-19 22:50:52,881 [INFO] Rule:211 - rule Update MwName for USB_DEVICE is applicable
2020-03-19 22:50:52,881 [INFO] Rule:211 - rule Change PWR_Regulator_Voltage_Scale Default Value for RCC  H7 family is applicable
2020-03-19 22:50:52,881 [INFO] Rule:211 - rule UART/USART IPParameter rename Prescaler parameter to ClockPrescaler is applicable
2020-03-19 22:50:52,881 [INFO] Rule:211 - rule UART/USART Prescaler rename Prescaler parameter to ClockPrescaler is applicable
2020-03-19 22:50:52,881 [INFO] Rule:211 - rule TIM1CLockSelection is applicable
2020-03-19 22:50:52,881 [INFO] Rule:211 - rule TIM15CLockSelection is applicable
2020-03-19 22:50:52,881 [INFO] Rule:211 - rule align RCC SDMMC3CLockSelection default value on MP1 is applicable
2020-03-19 22:50:52,881 [INFO] Rule:211 - rule align RCC SDMMC12CLockSelection default value on MP1 is applicable
2020-03-19 22:50:52,881 [INFO] Rule:211 - rule align RCC QSPICLockSelection default value on MP1 is applicable
2020-03-19 22:50:52,881 [INFO] Rule:211 - rule align RCC QSPICLockSelection default value on MP1 is applicable
2020-03-19 22:50:52,881 [INFO] Rule:211 - rule align RCC SPI6CLockSelection default value on MP1 is applicable
2020-03-19 22:50:52,881 [INFO] Rule:211 - rule align RCC LPTIM23CLockSelection default value on MP1 is applicable
2020-03-19 22:50:52,881 [INFO] Rule:211 - rule align RCC LPTIM1CLockSelection default value on MP1 is applicable
2020-03-19 22:50:52,881 [INFO] Rule:211 - rule align RCC USART1CLockSelection default value on MP1 is applicable
2020-03-19 22:50:52,881 [INFO] Rule:211 - rule align RCC USART24CLockSelection default value on MP1 is applicable
2020-03-19 22:50:52,881 [INFO] Rule:211 - rule align RCC USART6CLockSelection default value on MP1 is applicable
2020-03-19 22:50:52,881 [INFO] Rule:211 - rule align RCC UART78CLockSelection default value on MP1 is applicable
2020-03-19 22:50:52,881 [INFO] Rule:211 - rule align RCC USART35CLockSelection default value on MP1 is applicable
2020-03-19 22:50:52,881 [INFO] Rule:211 - rule align RCC SPI45CLockSelection default value on MP1 is applicable
2020-03-19 22:50:52,881 [INFO] Rule:211 - rule align RCC I2C46CLockSelection BCLK value on MP1 is applicable
2020-03-19 22:50:52,881 [INFO] Rule:211 - rule align RCC SPI45CLockSelection default value on MP1 is applicable
2020-03-19 22:50:52,881 [INFO] Rule:211 - rule align RCC I2C12CLockSelection default value on MP1 is applicable
2020-03-19 22:50:52,881 [INFO] Rule:211 - rule align RCC I2C35CLockSelection default value on MP1 is applicable
2020-03-19 22:50:52,881 [INFO] Rule:211 - rule align RCC LPTIM45CLockSelection default value on MP1 is applicable
2020-03-19 22:50:52,881 [INFO] Rule:211 - rule Rename DCMI PIXCK signal is applicable
2020-03-19 22:50:52,881 [INFO] Rule:211 - rule Change Default Value for I2C46CLockSelection MP1 family is applicable
2020-03-19 22:50:52,881 [INFO] Rule:211 - rule Change Default Value for UART for G4, G0 and WB families is applicable
2020-03-19 22:50:52,881 [INFO] Rule:211 - rule Change Default Value for USART for G4, G0 and WB families is applicable
2020-03-19 22:50:52,881 [INFO] Rule:211 - rule Change Default Value for USART for G4 family is applicable
2020-03-19 22:50:52,881 [INFO] Rule:211 - rule Change USART1CLockSelection refparam name for MP1 is applicable
2020-03-19 22:50:52,881 [INFO] Rule:211 - rule Change USART2CLockSelection refparam name for MP1 is applicable
2020-03-19 22:50:52,881 [INFO] Rule:211 - rule Change USART3CLockSelection refparam name for MP1 is applicable
2020-03-19 22:50:52,881 [INFO] Rule:211 - rule Change UART4CLockSelection refparam name for MP1 is applicable
2020-03-19 22:50:52,881 [INFO] Rule:211 - rule Change UART5CLockSelection refparam name for MP1 is applicable
2020-03-19 22:50:52,881 [INFO] Rule:211 - rule Change LPUART1CLockSelection refparam name for MP1 is applicable
2020-03-19 22:50:52,881 [INFO] Rule:211 - rule Change LPTIM1CLockSelection refparam name for MP1 is applicable
2020-03-19 22:50:52,881 [INFO] Rule:211 - rule Change LPTIM2CLockSelection refparam name for MP1 is applicable
2020-03-19 22:50:52,881 [INFO] Rule:211 - rule Change RCC_MCO1Source refparam name for MP1 is applicable
2020-03-19 22:50:52,881 [INFO] Rule:211 - rule Change LSCOSource1 refparam name for MP1 is applicable
2020-03-19 22:50:52,881 [INFO] Rule:211 - rule Change SMPSCLockSelection refparam name for MP1 is applicable
2020-03-19 22:50:52,881 [INFO] Rule:211 - rule Change LPTIM3CLockSelection refparam name for MP1 is applicable
2020-03-19 22:50:52,881 [INFO] Rule:211 - rule Change MPCBB* Default Template Mode to Parameters is applicable
2020-03-19 22:50:52,881 [INFO] Rule:211 - rule Change MPCWM* or MPCBB* Secure Mode to Parameters is applicable
2020-03-19 22:50:52,881 [INFO] Rule:211 - rule Change MPCWM* or MPCBB* No Secure Mode to Parameters is applicable
2020-03-19 22:50:52,881 [INFO] Rule:211 - rule Change TZSC IP Secure Mode to Parameters is applicable
2020-03-19 22:50:52,881 [INFO] Rule:211 - rule Change TZSC IP No Secure Mode to Parameters is applicable
2020-03-19 22:50:52,881 [INFO] Rule:211 - rule Change TZSC IP Privilege Mode to Parameters is applicable
2020-03-19 22:50:52,881 [INFO] Rule:211 - rule Change TZSC IP No Privilege Mode to Parameters is applicable
2020-03-19 22:50:52,881 [INFO] Rule:211 - rule Change TZIC IT Secure Mode to Parameters is applicable
2020-03-19 22:50:52,881 [INFO] Rule:211 - rule Change TZIC IT No Secure Mode to Parameters is applicable
2020-03-19 22:50:52,881 [INFO] Rule:211 - rule Add MPCBB1_NonSecureArea_Start_Address value with referenced to MPCBB1_NonSecureArea_Start value is applicable
2020-03-19 22:50:52,881 [INFO] Rule:211 - rule Add MPCBB2_NonSecureArea_Start_Address value with referenced to MPCBB2_NonSecureArea_Start value is applicable
2020-03-19 22:50:52,881 [INFO] Rule:211 - rule Add MPCWM1_NonSecureArea*_Start_Address value with referenced to MPCWM1_NonSecureArea*_Start value is applicable
2020-03-19 22:50:52,881 [INFO] Rule:211 - rule Add MPCWM2_NonSecureArea*_Start_Address value with referenced to MPCWM2_NonSecureArea*_Start value is applicable
2020-03-19 22:50:52,881 [INFO] Rule:211 - rule Add MPCWM3_NonSecureArea_Start_Address value with referenced to MPCWM3_NonSecureArea_Start value is applicable
2020-03-19 22:50:52,881 [INFO] Rule:211 - rule Change Default Value for PLL1UserDefinedConfig is applicable
2020-03-19 22:50:52,881 [INFO] Rule:211 - rule Change GPIO_PuPd Default Value for USART in async mode is applicable
2020-03-19 22:50:52,881 [INFO] Rule:211 - rule Change SMPSDivider Default Value is applicable
2020-03-19 22:50:52,912 [INFO] DbConfProperties:294 - Apply Compatibility (66/208 Rules)
2020-03-19 22:50:52,959 [INFO] ImportTextPane:162 - (OptionalMessage_ERROR) Unable to find key (Mcu.ThirdPartyNb) in loaded IOC file
2020-03-19 22:50:53,021 [INFO] ImportTextPane:162 - (OptionalMessage_ERROR) IP (RCC) : Invalid parameter (FamilyName)
2020-03-19 22:50:53,334 [INFO] UtilMem:74 - End LoadConfig() Used Memory: 386203848 Bytes (602931200)
2020-03-19 22:50:53,459 [INFO] ThirdPartyDb:295 - Open Third Party DataBase File (C:/Users/Punar/.stm32cubemx/plugins/thirdparty/db/thirdparties_db.xml) : 16 ms. number of Sw pack : 10
2020-03-19 22:50:53,505 [INFO] DependencyParser:785 - This component is not compatible with the current MCU : [1584643480839]
2020-03-19 22:50:53,505 [INFO] ThirdPartyModel:521 - Component with status : MCU_INCOMPATIBLE for condition : OS Tick GTIM id : 1584643480166
2020-03-19 22:50:53,505 [INFO] DependencyParser:785 - This component is not compatible with the current MCU : [1584643483415, 1584643480922]
2020-03-19 22:50:53,646 [INFO] ThirdParty:899 - CMSIS Pack Vendor :STMicroelectronics X-CUBE-BLE1 5.0.0
2020-03-19 22:50:53,646 [INFO] ThirdParty:899 - CMSIS Pack Vendor :STMicroelectronics X-CUBE-SUBG2 1.1.0
2020-03-19 22:50:53,646 [INFO] ThirdParty:899 - CMSIS Pack Vendor :STMicroelectronics X-CUBE-GNSS1 4.1.0
2020-03-19 22:50:53,646 [INFO] ThirdParty:899 - CMSIS Pack Vendor :ARM CMSIS 5.6.0
2020-03-19 22:50:53,646 [INFO] ThirdParty:899 - CMSIS Pack Vendor :STMicroelectronics X-CUBE-NFC4 1.5.2
2020-03-19 22:50:53,646 [INFO] ThirdParty:899 - CMSIS Pack Vendor :STMicroelectronics X-CUBE-MEMS1 7.1.0
2020-03-19 22:50:53,646 [INFO] ThirdParty:899 - CMSIS Pack Vendor :STMicroelectronics X-CUBE-BLE2 1.0.0
2020-03-19 22:50:54,005 [INFO] PinOutPanel:1420 - setPackage(No Configuration,No Configuration)
2020-03-19 22:50:54,005 [INFO] PinOutPanel:1420 - setPackage(STM32F030R8Tx,LQFP64)
2020-03-19 22:50:54,958 [INFO] UtilMem:74 - Before build in PCC Used Memory: 307672064 Bytes (602931200)
2020-03-19 22:50:55,974 [INFO] SharedServices:71 - Folder for power plug-in: C:/Users/Punar/.stm32cubemx/plugins/power
2020-03-19 22:50:56,052 [INFO] SharedServices:71 - Folder for power plug-in: C:/Users/Punar/.stm32cubemx/plugins/power
2020-03-19 22:50:56,162 [INFO] SharedServices:71 - Folder for power plug-in: C:/Users/Punar/.stm32cubemx/plugins/power
2020-03-19 22:50:56,162 [INFO] SharedServices:71 - Folder for power plug-in: C:/Users/Punar/.stm32cubemx/plugins/power
2020-03-19 22:50:56,552 [INFO] UtilMem:74 - After build in PCC Used Memory: 342305320 Bytes (602931200)
2020-03-19 22:50:56,583 [INFO] IPUIPlugin:65 - create IPUIPlugin
2020-03-19 22:50:56,583 [INFO] IPUIPlugin:65 - create IPUIPlugin
2020-03-19 22:50:56,583 [INFO] IPUIPlugin:65 - create IPUIPlugin
2020-03-19 22:50:56,583 [INFO] IPUIPlugin:65 - create IPUIPlugin
2020-03-19 22:50:56,583 [INFO] IPUIPlugin:65 - create IPUIPlugin
2020-03-19 22:50:56,583 [INFO] IPUIPlugin:65 - create IPUIPlugin
2020-03-19 22:50:56,583 [INFO] IPUIPlugin:65 - create IPUIPlugin
2020-03-19 22:50:56,583 [INFO] IPUIPlugin:65 - create IPUIPlugin
2020-03-19 22:50:56,583 [INFO] IPUIPlugin:65 - create IPUIPlugin
2020-03-19 22:50:56,583 [INFO] IPUIPlugin:65 - create IPUIPlugin
2020-03-19 22:50:56,583 [INFO] IPUIPlugin:65 - create IPUIPlugin
2020-03-19 22:50:56,583 [INFO] IPUIPlugin:65 - create IPUIPlugin
2020-03-19 22:50:56,583 [INFO] IPUIPlugin:65 - create IPUIPlugin
2020-03-19 22:50:56,583 [INFO] IPUIPlugin:65 - create IPUIPlugin
2020-03-19 22:50:56,583 [INFO] IPUIPlugin:65 - create IPUIPlugin
2020-03-19 22:50:56,583 [INFO] IPUIPlugin:65 - create IPUIPlugin
2020-03-19 22:50:56,583 [INFO] IPUIPlugin:65 - create IPUIPlugin
2020-03-19 22:50:56,583 [INFO] IPUIPlugin:65 - create IPUIPlugin
2020-03-19 22:50:56,583 [INFO] IPUIPlugin:65 - create IPUIPlugin
2020-03-19 22:50:56,583 [INFO] IPUIPlugin:65 - create IPUIPlugin
2020-03-19 22:50:56,583 [INFO] IPUIPlugin:65 - create IPUIPlugin
2020-03-19 22:50:56,583 [INFO] IPUIPlugin:65 - create IPUIPlugin
2020-03-19 22:50:56,583 [INFO] IPUIPlugin:65 - create IPUIPlugin
2020-03-19 22:50:56,599 [INFO] IPUIPlugin:65 - create IPUIPlugin
2020-03-19 22:50:56,599 [INFO] IPUIPlugin:65 - create IPUIPlugin
2020-03-19 22:50:56,599 [INFO] IPUIPlugin:65 - create IPUIPlugin
2020-03-19 22:50:56,740 [INFO] LogOutputStream:76 - [STDOUT_REDIRECT] toolchainItems.length=====1
2020-03-19 22:50:56,990 [INFO] OpenFileManager:294 - Restore cursor
2020-03-19 22:50:57,474 [INFO] UtilMem:74 - End SaveConfig() Used Memory: 377956904 Bytes (602931200)
2020-03-19 22:50:57,568 [INFO] UtilMem:74 - End SaveConfig() Used Memory: 382151208 Bytes (602931200)
2020-03-19 22:50:58,333 [INFO] BlockDiagram:2671 - set Specific Code input for plugin: NVIC
2020-03-19 22:50:58,333 [INFO] BlockDiagram:2671 - set Specific Code input for plugin: USART
2020-03-19 22:50:58,333 [INFO] BlockDiagram:2671 - set Specific Code input for plugin: SYS
2020-03-19 22:50:58,333 [INFO] BlockDiagram:2671 - set Specific Code input for plugin: GPIO
2020-03-19 22:50:58,333 [INFO] BlockDiagram:2671 - set Specific Code input for plugin: RCC
2020-03-19 22:50:58,333 [INFO] CodeGenerator:603 - code generatio: config db path: C:\ST\STM32CubeIDE_1.3.0\STM32CubeIDE\plugins\com.st.stm32cube.common.mx_5.6.0.202002181639\\db\
2020-03-19 22:50:59,364 [INFO] CodeEngine:188 - oldGeneratedFile, C:\Users\Punar\Desktop\MMIA_cv_home\cv06_home\MXTmpFiles\license.tmp_save
2020-03-19 22:51:00,130 [INFO] CodeEngine:206 - Generated code: C:\Users\Punar\Desktop\MMIA_cv_home\cv06_home\MXTmpFiles\license.tmp
2020-03-19 22:51:00,489 [INFO] CodeEngine:188 - oldGeneratedFile, C:\Users\Punar\Desktop\MMIA_cv_home\cv06_home\MXTmpFiles\gpio.tmp_save
2020-03-19 22:51:00,708 [INFO] CodeEngine:206 - Generated code: C:\Users\Punar\Desktop\MMIA_cv_home\cv06_home\MXTmpFiles\gpio.tmp
2020-03-19 22:51:01,052 [INFO] LogOutputStream:76 - [STDOUT_REDIRECT] Command line
2020-03-19 22:51:01,052 [INFO] LogOutputStream:76 - [STDOUT_REDIRECT] Debug : prepare data for USART
2020-03-19 22:51:01,052 [INFO] LogOutputStream:76 - [STDOUT_REDIRECT] Command line test
2020-03-19 22:51:01,052 [INFO] LogOutputStream:76 - [STDOUT_REDIRECT] Debug : prepare data for NVIC
2020-03-19 22:51:01,083 [INFO] LogOutputStream:76 - [STDOUT_REDIRECT] Command line test
2020-03-19 22:51:01,114 [INFO] CodeEngine:188 - oldGeneratedFile, C:\Users\Punar\Desktop\MMIA_cv_home\cv06_home\Core\Src\stm32f0xx_it.c_save
2020-03-19 22:51:01,349 [INFO] CodeEngine:206 - Generated code: C:\Users\Punar\Desktop\MMIA_cv_home\cv06_home\Core\Src\stm32f0xx_it.c
2020-03-19 22:51:01,364 [INFO] CodeEngine:188 - oldGeneratedFile, C:\Users\Punar\Desktop\MMIA_cv_home\cv06_home\Core\Inc\stm32f0xx_it.h_save
2020-03-19 22:51:01,677 [INFO] CodeEngine:206 - Generated code: C:\Users\Punar\Desktop\MMIA_cv_home\cv06_home\Core\Inc\stm32f0xx_it.h
2020-03-19 22:51:01,755 [INFO] CodeEngine:188 - oldGeneratedFile, C:\Users\Punar\Desktop\MMIA_cv_home\cv06_home\Core\Src\stm32f0xx_hal_msp.c_save
2020-03-19 22:51:02,114 [INFO] CodeEngine:206 - Generated code: C:\Users\Punar\Desktop\MMIA_cv_home\cv06_home\Core\Src\stm32f0xx_hal_msp.c
2020-03-19 22:51:02,130 [INFO] CodeEngine:188 - oldGeneratedFile, C:\Users\Punar\Desktop\MMIA_cv_home\cv06_home\MXTmpFiles\system.tmp_save
2020-03-19 22:51:02,302 [INFO] CodeEngine:206 - Generated code: C:\Users\Punar\Desktop\MMIA_cv_home\cv06_home\MXTmpFiles\system.tmp
2020-03-19 22:51:02,427 [INFO] CodeEngine:188 - oldGeneratedFile, C:\Users\Punar\Desktop\MMIA_cv_home\cv06_home\Core\Inc\stm32f0xx_hal_conf.h_save
2020-03-19 22:51:02,567 [INFO] CodeEngine:206 - Generated code: C:\Users\Punar\Desktop\MMIA_cv_home\cv06_home\Core\Inc\stm32f0xx_hal_conf.h
2020-03-19 22:51:02,599 [WARN] IPConfigManager:2701 - IP not found : gpio
2020-03-19 22:51:02,599 [WARN] CodeGenerator:2649 - IP not found : gpio
2020-03-19 22:51:02,614 [INFO] CodeEngine:188 - oldGeneratedFile, C:\Users\Punar\Desktop\MMIA_cv_home\cv06_home\Core\Inc\main.h_save
2020-03-19 22:51:02,802 [INFO] CodeEngine:206 - Generated code: C:\Users\Punar\Desktop\MMIA_cv_home\cv06_home\Core\Inc\main.h
2020-03-19 22:51:02,817 [INFO] CodeEngine:188 - oldGeneratedFile, C:\Users\Punar\Desktop\MMIA_cv_home\cv06_home\Core\Src\main.c_save
2020-03-19 22:51:03,020 [INFO] CodeEngine:206 - Generated code: C:\Users\Punar\Desktop\MMIA_cv_home\cv06_home\Core\Src\main.c
2020-03-19 22:51:05,114 [INFO] ProjectBuilder:2002 - Time for Copy HAL[1] : 734mS.
2020-03-19 22:51:05,114 [INFO] ProjectBuilder:2727 - Project Generator version: 3.7.1
2020-03-19 22:51:06,161 [INFO] ConfigFileManager:1066 - The Die is : DIE440
2020-03-19 22:51:28,552 [INFO] ProjectBuilder:2894 - Time for Generating toolchain IDE Files: 23438mS.
2020-03-19 22:51:28,552 [INFO] ProjectBuilder:1878 - Time for Copy CMSIS : 0mS.
2020-03-19 22:51:28,552 [INFO] ProjectBuilder:1878 - Time for Copy CMSIS : 0mS.
2020-03-19 22:53:49,514 [INFO] BinarySerializedPackPreferences:66 - Sw Pack name : STMicroelectronics.X-CUBE-BLE1.5.0.0 preferred : false
2020-03-19 22:53:49,514 [INFO] BinarySerializedPackPreferences:66 - Sw Pack name : STMicroelectronics.X-CUBE-SUBG2.1.1.0 preferred : false
2020-03-19 22:53:49,514 [INFO] BinarySerializedPackPreferences:66 - Sw Pack name : STMicroelectronics.X-CUBE-GNSS1.4.1.0 preferred : false
2020-03-19 22:53:49,514 [INFO] BinarySerializedPackPreferences:66 - Sw Pack name : ARM.CMSIS.5.6.0 preferred : false
2020-03-19 22:53:49,514 [INFO] BinarySerializedPackPreferences:66 - Sw Pack name : STMicroelectronics.X-CUBE-NFC4.1.5.2 preferred : false
2020-03-19 22:53:49,514 [INFO] BinarySerializedPackPreferences:66 - Sw Pack name : STMicroelectronics.X-CUBE-MEMS1.7.1.0 preferred : false
2020-03-19 22:53:49,530 [INFO] BinarySerializedPackPreferences:66 - Sw Pack name : STMicroelectronics.X-CUBE-BLE2.1.0.0 preferred : false
2020-03-19 22:57:33,096 [INFO] UtilMem:74 - End SaveConfig() Used Memory: 618600040 Bytes (881852416)
2020-03-19 22:57:34,564 [INFO] UtilMem:74 - End SaveConfig() Used Memory: 626809080 Bytes (881852416)
2020-03-19 22:57:35,033 [INFO] UtilMem:74 - End SaveConfig() Used Memory: 642717288 Bytes (881852416)
2020-03-19 22:57:35,455 [INFO] BlockDiagram:2671 - set Specific Code input for plugin: NVIC
2020-03-19 22:57:35,455 [INFO] BlockDiagram:2671 - set Specific Code input for plugin: USART
2020-03-19 22:57:35,455 [INFO] BlockDiagram:2671 - set Specific Code input for plugin: SYS
2020-03-19 22:57:35,455 [INFO] BlockDiagram:2671 - set Specific Code input for plugin: GPIO
2020-03-19 22:57:35,455 [INFO] BlockDiagram:2671 - set Specific Code input for plugin: RCC
2020-03-19 22:57:35,455 [INFO] CodeGenerator:603 - code generatio: config db path: C:\ST\STM32CubeIDE_1.3.0\STM32CubeIDE\plugins\com.st.stm32cube.common.mx_5.6.0.202002181639\\db\
2020-03-19 22:57:35,767 [INFO] CodeEngine:188 - oldGeneratedFile, C:\Users\Punar\Desktop\MMIA_cv_home\cv06_home\MXTmpFiles\license.tmp_save
2020-03-19 22:57:35,908 [INFO] CodeEngine:206 - Generated code: C:\Users\Punar\Desktop\MMIA_cv_home\cv06_home\MXTmpFiles\license.tmp
2020-03-19 22:57:36,111 [INFO] CodeEngine:188 - oldGeneratedFile, C:\Users\Punar\Desktop\MMIA_cv_home\cv06_home\MXTmpFiles\gpio.tmp_save
2020-03-19 22:57:36,252 [INFO] CodeEngine:206 - Generated code: C:\Users\Punar\Desktop\MMIA_cv_home\cv06_home\MXTmpFiles\gpio.tmp
2020-03-19 22:57:36,408 [INFO] LogOutputStream:76 - [STDOUT_REDIRECT] Command line
2020-03-19 22:57:36,408 [INFO] LogOutputStream:76 - [STDOUT_REDIRECT] Debug : prepare data for USART
2020-03-19 22:57:36,408 [INFO] LogOutputStream:76 - [STDOUT_REDIRECT] Command line test
2020-03-19 22:57:36,408 [INFO] LogOutputStream:76 - [STDOUT_REDIRECT] Debug : prepare data for NVIC
2020-03-19 22:57:36,408 [INFO] LogOutputStream:76 - [STDOUT_REDIRECT] Command line test
2020-03-19 22:57:36,439 [INFO] CodeEngine:188 - oldGeneratedFile, C:\Users\Punar\Desktop\MMIA_cv_home\cv06_home\Core\Src\stm32f0xx_it.c_save
2020-03-19 22:57:36,611 [INFO] CodeEngine:206 - Generated code: C:\Users\Punar\Desktop\MMIA_cv_home\cv06_home\Core\Src\stm32f0xx_it.c
2020-03-19 22:57:36,626 [INFO] CodeEngine:188 - oldGeneratedFile, C:\Users\Punar\Desktop\MMIA_cv_home\cv06_home\Core\Inc\stm32f0xx_it.h_save
2020-03-19 22:57:36,830 [INFO] CodeEngine:206 - Generated code: C:\Users\Punar\Desktop\MMIA_cv_home\cv06_home\Core\Inc\stm32f0xx_it.h
2020-03-19 22:57:36,861 [INFO] CodeEngine:188 - oldGeneratedFile, C:\Users\Punar\Desktop\MMIA_cv_home\cv06_home\Core\Src\stm32f0xx_hal_msp.c_save
2020-03-19 22:57:37,064 [INFO] CodeEngine:206 - Generated code: C:\Users\Punar\Desktop\MMIA_cv_home\cv06_home\Core\Src\stm32f0xx_hal_msp.c
2020-03-19 22:57:37,095 [INFO] CodeEngine:188 - oldGeneratedFile, C:\Users\Punar\Desktop\MMIA_cv_home\cv06_home\MXTmpFiles\system.tmp_save
2020-03-19 22:57:37,251 [INFO] CodeEngine:206 - Generated code: C:\Users\Punar\Desktop\MMIA_cv_home\cv06_home\MXTmpFiles\system.tmp
2020-03-19 22:57:37,267 [INFO] CodeEngine:188 - oldGeneratedFile, C:\Users\Punar\Desktop\MMIA_cv_home\cv06_home\Core\Inc\stm32f0xx_hal_conf.h_save
2020-03-19 22:57:37,439 [INFO] CodeEngine:206 - Generated code: C:\Users\Punar\Desktop\MMIA_cv_home\cv06_home\Core\Inc\stm32f0xx_hal_conf.h
2020-03-19 22:57:37,455 [WARN] IPConfigManager:2701 - IP not found : gpio
2020-03-19 22:57:37,455 [WARN] CodeGenerator:2649 - IP not found : gpio
2020-03-19 22:57:37,470 [INFO] CodeEngine:188 - oldGeneratedFile, C:\Users\Punar\Desktop\MMIA_cv_home\cv06_home\Core\Inc\main.h_save
2020-03-19 22:57:37,626 [INFO] CodeEngine:206 - Generated code: C:\Users\Punar\Desktop\MMIA_cv_home\cv06_home\Core\Inc\main.h
2020-03-19 22:57:37,658 [INFO] CodeEngine:188 - oldGeneratedFile, C:\Users\Punar\Desktop\MMIA_cv_home\cv06_home\Core\Src\main.c_save
2020-03-19 22:57:37,861 [INFO] CodeEngine:206 - Generated code: C:\Users\Punar\Desktop\MMIA_cv_home\cv06_home\Core\Src\main.c
2020-03-19 22:57:39,361 [INFO] ProjectBuilder:2002 - Time for Copy HAL[1] : 625mS.
2020-03-19 22:57:39,361 [INFO] ProjectBuilder:2727 - Project Generator version: 3.7.1
2020-03-19 22:57:40,470 [INFO] ConfigFileManager:1066 - The Die is : DIE440
2020-03-19 22:57:43,173 [INFO] ProjectBuilder:2894 - Time for Generating toolchain IDE Files: 3812mS.
2020-03-19 22:57:43,189 [INFO] ProjectBuilder:1878 - Time for Copy CMSIS : 0mS.
2020-03-19 22:57:43,189 [INFO] ProjectBuilder:1878 - Time for Copy CMSIS : 0mS.
